# JRE version: Java(TM) SE Runtime Environment (19.0.1+10) (build 19.0.1+10-21)
# Java VM: Java HotSpot(TM) 64-Bit Server VM (19.0.1+10-21, mixed mode, sharing, tiered, compressed oops, compressed class ptrs, g1 gc, windows-amd64)
GC Precious Log:
 CardTable entry size: 512
 Card Set container configuration: InlinePtr #cards 5 size 8 Array Of Cards #cards 12 size 40 Howl #buckets 4 coarsen threshold 1843 Howl Bitmap #cards 512 size 80 coarsen threshold 460 Card regions per heap region 1 cards per card region 2048
 CPUs: 4 total, 4 available
 Memory: 8097M
 Large Page Support: Disabled
 NUMA Support: Disabled
 Compressed Oops: Enabled (32-bit)
 Heap Region Size: 1M
 Heap Min Capacity: 8M
 Heap Initial Capacity: 128M
 Heap Max Capacity: 2026M
 Pre-touch: Disabled
 Parallel Workers: 4
 Concurrent Workers: 1
 Concurrent Refinement Workers: 4
 Periodic GC: Disabled
Heap:
 garbage-first heap   total 137216K, used 35027K [0x0000000081600000, 0x0000000100000000)
  region size 1024K, 2 young (2048K), 2 survivors (2048K)
 Metaspace       used 65287K, committed 65664K, reserved 1114112K
  class space    used 8417K, committed 8576K, reserved 1048576K
GC Heap History (20 events):
Event: 10.418 GC heap after
{Heap after GC invocations=13 (full 0):
 garbage-first heap   total 96256K, used 25420K [0x0000000081600000, 0x0000000100000000)
  region size 1024K, 3 young (3072K), 3 survivors (3072K)
 Metaspace       used 38494K, committed 38848K, reserved 1114112K
  class space    used 4726K, committed 4928K, reserved 1048576K
}
Event: 10.769 GC heap before
{Heap before GC invocations=13 (full 0):
 garbage-first heap   total 96256K, used 77644K [0x0000000081600000, 0x0000000100000000)
  region size 1024K, 54 young (55296K), 3 survivors (3072K)
 Metaspace       used 38523K, committed 38912K, reserved 1114112K
  class space    used 4726K, committed 4928K, reserved 1048576K
}
Event: 10.773 GC heap after
{Heap after GC invocations=14 (full 0):
 garbage-first heap   total 96256K, used 25422K [0x0000000081600000, 0x0000000100000000)
  region size 1024K, 3 young (3072K), 3 survivors (3072K)
 Metaspace       used 38523K, committed 38912K, reserved 1114112K
  class space    used 4726K, committed 4928K, reserved 1048576K
}
Event: 10.985 GC heap before
{Heap before GC invocations=14 (full 0):
 garbage-first heap   total 96256K, used 79694K [0x0000000081600000, 0x0000000100000000)
  region size 1024K, 56 young (57344K), 3 survivors (3072K)
 Metaspace       used 38524K, committed 38912K, reserved 1114112K
  class space    used 4726K, committed 4928K, reserved 1048576K
}
Event: 10.989 GC heap after
{Heap after GC invocations=15 (full 0):
 garbage-first heap   total 96256K, used 25326K [0x0000000081600000, 0x0000000100000000)
  region size 1024K, 2 young (2048K), 2 survivors (2048K)
 Metaspace       used 38524K, committed 38912K, reserved 1114112K
  class space    used 4726K, committed 4928K, reserved 1048576K
}
Event: 11.162 GC heap before
{Heap before GC invocations=15 (full 0):
 garbage-first heap   total 96256K, used 80622K [0x0000000081600000, 0x0000000100000000)
  region size 1024K, 56 young (57344K), 2 survivors (2048K)
 Metaspace       used 38524K, committed 38912K, reserved 1114112K
  class space    used 4726K, committed 4928K, reserved 1048576K
}
Event: 11.166 GC heap after
{Heap after GC invocations=16 (full 0):
 garbage-first heap   total 96256K, used 25326K [0x0000000081600000, 0x0000000100000000)
  region size 1024K, 2 young (2048K), 2 survivors (2048K)
 Metaspace       used 38524K, committed 38912K, reserved 1114112K
  class space    used 4726K, committed 4928K, reserved 1048576K
}
Event: 11.371 GC heap before
{Heap before GC invocations=16 (full 0):
 garbage-first heap   total 96256K, used 80622K [0x0000000081600000, 0x0000000100000000)
  region size 1024K, 56 young (57344K), 2 survivors (2048K)
 Metaspace       used 38525K, committed 38912K, reserved 1114112K
  class space    used 4726K, committed 4928K, reserved 1048576K
}
Event: 11.376 GC heap after
{Heap after GC invocations=17 (full 0):
 garbage-first heap   total 115712K, used 25420K [0x0000000081600000, 0x0000000100000000)
  region size 1024K, 3 young (3072K), 3 survivors (3072K)
 Metaspace       used 38525K, committed 38912K, reserved 1114112K
  class space    used 4726K, committed 4928K, reserved 1048576K
}
Event: 11.682 GC heap before
{Heap before GC invocations=17 (full 0):
 garbage-first heap   total 115712K, used 90956K [0x0000000081600000, 0x0000000100000000)
  region size 1024K, 67 young (68608K), 3 survivors (3072K)
 Metaspace       used 38527K, committed 38912K, reserved 1114112K
  class space    used 4726K, committed 4928K, reserved 1048576K
}
Event: 11.686 GC heap after
{Heap after GC invocations=18 (full 0):
 garbage-first heap   total 115712K, used 25422K [0x0000000081600000, 0x0000000100000000)
  region size 1024K, 3 young (3072K), 3 survivors (3072K)
 Metaspace       used 38527K, committed 38912K, reserved 1114112K
  class space    used 4726K, committed 4928K, reserved 1048576K
}
Event: 13.783 GC heap before
{Heap before GC invocations=18 (full 0):
 garbage-first heap   total 115712K, used 89934K [0x0000000081600000, 0x0000000100000000)
  region size 1024K, 67 young (68608K), 3 survivors (3072K)
 Metaspace       used 53654K, committed 54016K, reserved 1114112K
  class space    used 6926K, committed 7104K, reserved 1048576K
}
Event: 13.795 GC heap after
{Heap after GC invocations=19 (full 0):
 garbage-first heap   total 115712K, used 28787K [0x0000000081600000, 0x0000000100000000)
  region size 1024K, 6 young (6144K), 6 survivors (6144K)
 Metaspace       used 53654K, committed 54016K, reserved 1114112K
  class space    used 6926K, committed 7104K, reserved 1048576K
}
Event: 14.570 GC heap before
{Heap before GC invocations=19 (full 0):
 garbage-first heap   total 115712K, used 48243K [0x0000000081600000, 0x0000000100000000)
  region size 1024K, 26 young (26624K), 6 survivors (6144K)
 Metaspace       used 60211K, committed 60608K, reserved 1114112K
  class space    used 7803K, committed 8000K, reserved 1048576K
}
Event: 14.583 GC heap after
{Heap after GC invocations=20 (full 0):
 garbage-first heap   total 115712K, used 30527K [0x0000000081600000, 0x0000000100000000)
  region size 1024K, 6 young (6144K), 6 survivors (6144K)
 Metaspace       used 60211K, committed 60608K, reserved 1114112K
  class space    used 7803K, committed 8000K, reserved 1048576K
}
Event: 15.425 GC heap before
{Heap before GC invocations=21 (full 0):
 garbage-first heap   total 112640K, used 91967K [0x0000000081600000, 0x0000000100000000)
  region size 1024K, 66 young (67584K), 6 survivors (6144K)
 Metaspace       used 64790K, committed 65216K, reserved 1114112K
  class space    used 8374K, committed 8576K, reserved 1048576K
}
Event: 15.436 GC heap after
{Heap after GC invocations=22 (full 0):
 garbage-first heap   total 112640K, used 33331K [0x0000000081600000, 0x0000000100000000)
  region size 1024K, 5 young (5120K), 5 survivors (5120K)
 Metaspace       used 64790K, committed 65216K, reserved 1114112K
  class space    used 8374K, committed 8576K, reserved 1048576K
}
Event: 15.439 GC heap before
{Heap before GC invocations=22 (full 0):
 garbage-first heap   total 112640K, used 34355K [0x0000000081600000, 0x0000000100000000)
  region size 1024K, 6 young (6144K), 5 survivors (5120K)
 Metaspace       used 64791K, committed 65216K, reserved 1114112K
  class space    used 8374K, committed 8576K, reserved 1048576K
}
Event: 15.446 GC heap after
{Heap after GC invocations=23 (full 0):
 garbage-first heap   total 112640K, used 33896K [0x0000000081600000, 0x0000000100000000)
  region size 1024K, 1 young (1024K), 1 survivors (1024K)
 Metaspace       used 64791K, committed 65216K, reserved 1114112K
  class space    used 8374K, committed 8576K, reserved 1048576K
}
Event: 15.830 GC heap before
{Heap before GC invocations=23 (full 0):
 garbage-first heap   total 112640K, used 92264K [0x0000000081600000, 0x0000000100000000)
  region size 1024K, 59 young (60416K), 1 survivors (1024K)
 Metaspace       used 65287K, committed 65664K, reserved 1114112K
  class space    used 8417K, committed 8576K, reserved 1048576K
}

