# JRE version: Java(TM) SE Runtime Environment (19.0.1+10) (build 19.0.1+10-21)
# Java VM: Java HotSpot(TM) 64-Bit Server VM (19.0.1+10-21, mixed mode, sharing, tiered, compressed oops, compressed class ptrs, g1 gc, windows-amd64)
GC Precious Log:
 CardTable entry size: 512
 Card Set container configuration: InlinePtr #cards 5 size 8 Array Of Cards #cards 12 size 40 Howl #buckets 4 coarsen threshold 1843 Howl Bitmap #cards 512 size 80 coarsen threshold 460 Card regions per heap region 1 cards per card region 2048
 CPUs: 4 total, 4 available
 Memory: 8097M
 Large Page Support: Disabled
 NUMA Support: Disabled
 Compressed Oops: Enabled (32-bit)
 Heap Region Size: 1M
 Heap Min Capacity: 8M
 Heap Initial Capacity: 128M
 Heap Max Capacity: 2026M
 Pre-touch: Disabled
 Parallel Workers: 4
 Concurrent Workers: 1
 Concurrent Refinement Workers: 4
 Periodic GC: Disabled
Heap:
 garbage-first heap   total 136192K, used 36688K [0x0000000081600000, 0x0000000100000000)
  region size 1024K, 5 young (5120K), 5 survivors (5120K)
 Metaspace       used 65653K, committed 66112K, reserved 1114112K
  class space    used 8444K, committed 8640K, reserved 1048576K
GC Heap History (20 events):
Event: 9.145 GC heap after
{Heap after GC invocations=16 (full 0):
 garbage-first heap   total 112640K, used 25178K [0x0000000081600000, 0x0000000100000000)
  region size 1024K, 2 young (2048K), 2 survivors (2048K)
 Metaspace       used 38535K, committed 38912K, reserved 1114112K
  class space    used 4730K, committed 4928K, reserved 1048576K
}
Event: 9.511 GC heap before
{Heap before GC invocations=16 (full 0):
 garbage-first heap   total 112640K, used 90714K [0x0000000081600000, 0x0000000100000000)
  region size 1024K, 66 young (67584K), 2 survivors (2048K)
 Metaspace       used 38536K, committed 38912K, reserved 1114112K
  class space    used 4730K, committed 4928K, reserved 1048576K
}
Event: 9.514 GC heap after
{Heap after GC invocations=17 (full 0):
 garbage-first heap   total 112640K, used 25177K [0x0000000081600000, 0x0000000100000000)
  region size 1024K, 2 young (2048K), 2 survivors (2048K)
 Metaspace       used 38536K, committed 38912K, reserved 1114112K
  class space    used 4730K, committed 4928K, reserved 1048576K
}
Event: 9.795 GC heap before
{Heap before GC invocations=17 (full 0):
 garbage-first heap   total 112640K, used 90713K [0x0000000081600000, 0x0000000100000000)
  region size 1024K, 66 young (67584K), 2 survivors (2048K)
 Metaspace       used 38537K, committed 38912K, reserved 1114112K
  class space    used 4730K, committed 4928K, reserved 1048576K
}
Event: 9.799 GC heap after
{Heap after GC invocations=18 (full 0):
 garbage-first heap   total 112640K, used 25191K [0x0000000081600000, 0x0000000100000000)
  region size 1024K, 2 young (2048K), 2 survivors (2048K)
 Metaspace       used 38537K, committed 38912K, reserved 1114112K
  class space    used 4730K, committed 4928K, reserved 1048576K
}
Event: 10.311 GC heap before
{Heap before GC invocations=18 (full 0):
 garbage-first heap   total 112640K, used 89703K [0x0000000081600000, 0x0000000100000000)
  region size 1024K, 66 young (67584K), 2 survivors (2048K)
 Metaspace       used 40290K, committed 40768K, reserved 1114112K
  class space    used 4950K, committed 5184K, reserved 1048576K
}
Event: 10.317 GC heap after
{Heap after GC invocations=19 (full 0):
 garbage-first heap   total 112640K, used 26683K [0x0000000081600000, 0x0000000100000000)
  region size 1024K, 3 young (3072K), 3 survivors (3072K)
 Metaspace       used 40290K, committed 40768K, reserved 1114112K
  class space    used 4950K, committed 5184K, reserved 1048576K
}
Event: 12.562 GC heap before
{Heap before GC invocations=19 (full 0):
 garbage-first heap   total 112640K, used 90171K [0x0000000081600000, 0x0000000100000000)
  region size 1024K, 66 young (67584K), 3 survivors (3072K)
 Metaspace       used 58892K, committed 59264K, reserved 1114112K
  class space    used 7647K, committed 7808K, reserved 1048576K
}
Event: 12.573 GC heap after
{Heap after GC invocations=20 (full 0):
 garbage-first heap   total 136192K, used 29442K [0x0000000081600000, 0x0000000100000000)
  region size 1024K, 6 young (6144K), 6 survivors (6144K)
 Metaspace       used 58892K, committed 59264K, reserved 1114112K
  class space    used 7647K, committed 7808K, reserved 1048576K
}
Event: 12.827 GC heap before
{Heap before GC invocations=20 (full 0):
 garbage-first heap   total 136192K, used 33538K [0x0000000081600000, 0x0000000100000000)
  region size 1024K, 11 young (11264K), 6 survivors (6144K)
 Metaspace       used 60248K, committed 60608K, reserved 1114112K
  class space    used 7805K, committed 8000K, reserved 1048576K
}
Event: 12.836 GC heap after
{Heap after GC invocations=21 (full 0):
 garbage-first heap   total 136192K, used 30399K [0x0000000081600000, 0x0000000100000000)
  region size 1024K, 6 young (6144K), 6 survivors (6144K)
 Metaspace       used 60248K, committed 60608K, reserved 1114112K
  class space    used 7805K, committed 8000K, reserved 1048576K
}
Event: 13.811 GC heap before
{Heap before GC invocations=22 (full 0):
 garbage-first heap   total 112640K, used 91839K [0x0000000081600000, 0x0000000100000000)
  region size 1024K, 66 young (67584K), 6 survivors (6144K)
 Metaspace       used 64798K, committed 65216K, reserved 1114112K
  class space    used 8377K, committed 8576K, reserved 1048576K
}
Event: 13.822 GC heap after
{Heap after GC invocations=23 (full 0):
 garbage-first heap   total 112640K, used 32814K [0x0000000081600000, 0x0000000100000000)
  region size 1024K, 6 young (6144K), 6 survivors (6144K)
 Metaspace       used 64798K, committed 65216K, reserved 1114112K
  class space    used 8377K, committed 8576K, reserved 1048576K
}
Event: 13.826 GC heap before
{Heap before GC invocations=23 (full 0):
 garbage-first heap   total 112640K, used 33838K [0x0000000081600000, 0x0000000100000000)
  region size 1024K, 7 young (7168K), 6 survivors (6144K)
 Metaspace       used 64803K, committed 65216K, reserved 1114112K
  class space    used 8377K, committed 8576K, reserved 1048576K
}
Event: 13.833 GC heap after
{Heap after GC invocations=24 (full 0):
 garbage-first heap   total 112640K, used 33261K [0x0000000081600000, 0x0000000100000000)
  region size 1024K, 1 young (1024K), 1 survivors (1024K)
 Metaspace       used 64803K, committed 65216K, reserved 1114112K
  class space    used 8377K, committed 8576K, reserved 1048576K
}
Event: 14.159 GC heap before
{Heap before GC invocations=24 (full 0):
 garbage-first heap   total 112640K, used 92653K [0x0000000081600000, 0x0000000100000000)
  region size 1024K, 60 young (61440K), 1 survivors (1024K)
 Metaspace       used 65303K, committed 65792K, reserved 1114112K
  class space    used 8420K, committed 8640K, reserved 1048576K
}
Event: 14.163 GC heap after
{Heap after GC invocations=25 (full 0):
 garbage-first heap   total 112640K, used 34473K [0x0000000081600000, 0x0000000100000000)
  region size 1024K, 2 young (2048K), 2 survivors (2048K)
 Metaspace       used 65303K, committed 65792K, reserved 1114112K
  class space    used 8420K, committed 8640K, reserved 1048576K
}
Event: 14.430 GC heap before
{Heap before GC invocations=25 (full 0):
 garbage-first heap   total 112640K, used 93865K [0x0000000081600000, 0x0000000100000000)
  region size 1024K, 60 young (61440K), 2 survivors (2048K)
 Metaspace       used 65482K, committed 65920K, reserved 1114112K
  class space    used 8429K, committed 8640K, reserved 1048576K
}
Event: 14.436 GC heap after
{Heap after GC invocations=26 (full 0):
 garbage-first heap   total 112640K, used 35792K [0x0000000081600000, 0x0000000100000000)
  region size 1024K, 4 young (4096K), 4 survivors (4096K)
 Metaspace       used 65482K, committed 65920K, reserved 1114112K
  class space    used 8429K, committed 8640K, reserved 1048576K
}
Event: 14.628 GC heap before
{Heap before GC invocations=26 (full 0):
 garbage-first heap   total 112640K, used 94160K [0x0000000081600000, 0x0000000100000000)
  region size 1024K, 61 young (62464K), 4 survivors (4096K)
 Metaspace       used 65653K, committed 66112K, reserved 1114112K
  class space    used 8444K, committed 8640K, reserved 1048576K
}

