# JRE version: Java(TM) SE Runtime Environment (19.0.1+10) (build 19.0.1+10-21)
# Java VM: Java HotSpot(TM) 64-Bit Server VM (19.0.1+10-21, mixed mode, sharing, tiered, compressed oops, compressed class ptrs, g1 gc, windows-amd64)
GC Precious Log:
 CardTable entry size: 512
 Card Set container configuration: InlinePtr #cards 5 size 8 Array Of Cards #cards 12 size 40 Howl #buckets 4 coarsen threshold 1843 Howl Bitmap #cards 512 size 80 coarsen threshold 460 Card regions per heap region 1 cards per card region 2048
 CPUs: 4 total, 4 available
 Memory: 8097M
 Large Page Support: Disabled
 NUMA Support: Disabled
 Compressed Oops: Enabled (32-bit)
 Heap Region Size: 1M
 Heap Min Capacity: 8M
 Heap Initial Capacity: 128M
 Heap Max Capacity: 2026M
 Pre-touch: Disabled
 Parallel Workers: 4
 Concurrent Workers: 1
 Concurrent Refinement Workers: 4
 Periodic GC: Disabled
Heap:
 garbage-first heap   total 242688K, used 48408K [0x0000000081600000, 0x0000000100000000)
  region size 1024K, 9 young (9216K), 9 survivors (9216K)
 Metaspace       used 66033K, committed 66368K, reserved 1114112K
  class space    used 8483K, committed 8640K, reserved 1048576K
GC Heap History (20 events):
Event: 12.101 GC heap after
{Heap after GC invocations=23 (full 0):
 garbage-first heap   total 107520K, used 30637K [0x0000000081600000, 0x0000000100000000)
  region size 1024K, 4 young (4096K), 4 survivors (4096K)
 Metaspace       used 60777K, committed 61120K, reserved 1114112K
  class space    used 7873K, committed 8000K, reserved 1048576K
}
Event: 12.760 GC heap before
{Heap before GC invocations=24 (full 0):
 garbage-first heap   total 107520K, used 76717K [0x0000000081600000, 0x0000000100000000)
  region size 1024K, 49 young (50176K), 4 survivors (4096K)
 Metaspace       used 64697K, committed 65088K, reserved 1114112K
  class space    used 8365K, committed 8512K, reserved 1048576K
}
Event: 12.768 GC heap after
{Heap after GC invocations=25 (full 0):
 garbage-first heap   total 107520K, used 32642K [0x0000000081600000, 0x0000000100000000)
  region size 1024K, 6 young (6144K), 6 survivors (6144K)
 Metaspace       used 64697K, committed 65088K, reserved 1114112K
  class space    used 8365K, committed 8512K, reserved 1048576K
}
Event: 12.772 GC heap before
{Heap before GC invocations=25 (full 0):
 garbage-first heap   total 107520K, used 33666K [0x0000000081600000, 0x0000000100000000)
  region size 1024K, 7 young (7168K), 6 survivors (6144K)
 Metaspace       used 64704K, committed 65088K, reserved 1114112K
  class space    used 8366K, committed 8512K, reserved 1048576K
}
Event: 12.779 GC heap after
{Heap after GC invocations=26 (full 0):
 garbage-first heap   total 107520K, used 33070K [0x0000000081600000, 0x0000000100000000)
  region size 1024K, 1 young (1024K), 1 survivors (1024K)
 Metaspace       used 64704K, committed 65088K, reserved 1114112K
  class space    used 8366K, committed 8512K, reserved 1048576K
}
Event: 13.110 GC heap before
{Heap before GC invocations=26 (full 0):
 garbage-first heap   total 107520K, used 79150K [0x0000000081600000, 0x0000000100000000)
  region size 1024K, 47 young (48128K), 1 survivors (1024K)
 Metaspace       used 65009K, committed 65408K, reserved 1114112K
  class space    used 8380K, committed 8576K, reserved 1048576K
}
Event: 13.112 GC heap after
{Heap after GC invocations=27 (full 0):
 garbage-first heap   total 107520K, used 33901K [0x0000000081600000, 0x0000000100000000)
  region size 1024K, 2 young (2048K), 2 survivors (2048K)
 Metaspace       used 65009K, committed 65408K, reserved 1114112K
  class space    used 8380K, committed 8576K, reserved 1048576K
}
Event: 13.326 GC heap before
{Heap before GC invocations=27 (full 0):
 garbage-first heap   total 107520K, used 82029K [0x0000000081600000, 0x0000000100000000)
  region size 1024K, 49 young (50176K), 2 survivors (2048K)
 Metaspace       used 65366K, committed 65728K, reserved 1114112K
  class space    used 8418K, committed 8576K, reserved 1048576K
}
Event: 13.331 GC heap after
{Heap after GC invocations=28 (full 0):
 garbage-first heap   total 107520K, used 35090K [0x0000000081600000, 0x0000000100000000)
  region size 1024K, 3 young (3072K), 3 survivors (3072K)
 Metaspace       used 65366K, committed 65728K, reserved 1114112K
  class space    used 8418K, committed 8576K, reserved 1048576K
}
Event: 13.543 GC heap before
{Heap before GC invocations=28 (full 0):
 garbage-first heap   total 107520K, used 83218K [0x0000000081600000, 0x0000000100000000)
  region size 1024K, 50 young (51200K), 3 survivors (3072K)
 Metaspace       used 65501K, committed 65856K, reserved 1114112K
  class space    used 8424K, committed 8576K, reserved 1048576K
}
Event: 13.548 GC heap after
{Heap after GC invocations=29 (full 0):
 garbage-first heap   total 107520K, used 36209K [0x0000000081600000, 0x0000000100000000)
  region size 1024K, 4 young (4096K), 4 survivors (4096K)
 Metaspace       used 65501K, committed 65856K, reserved 1114112K
  class space    used 8424K, committed 8576K, reserved 1048576K
}
Event: 13.694 GC heap before
{Heap before GC invocations=29 (full 0):
 garbage-first heap   total 107520K, used 85361K [0x0000000081600000, 0x0000000100000000)
  region size 1024K, 52 young (53248K), 4 survivors (4096K)
 Metaspace       used 65645K, committed 66048K, reserved 1114112K
  class space    used 8439K, committed 8640K, reserved 1048576K
}
Event: 13.701 GC heap after
{Heap after GC invocations=30 (full 0):
 garbage-first heap   total 242688K, used 36822K [0x0000000081600000, 0x0000000100000000)
  region size 1024K, 4 young (4096K), 4 survivors (4096K)
 Metaspace       used 65645K, committed 66048K, reserved 1114112K
  class space    used 8439K, committed 8640K, reserved 1048576K
}
Event: 14.266 GC heap before
{Heap before GC invocations=30 (full 0):
 garbage-first heap   total 242688K, used 178134K [0x0000000081600000, 0x0000000100000000)
  region size 1024K, 142 young (145408K), 4 survivors (4096K)
 Metaspace       used 65923K, committed 66304K, reserved 1114112K
  class space    used 8472K, committed 8640K, reserved 1048576K
}
Event: 14.277 GC heap after
{Heap after GC invocations=31 (full 0):
 garbage-first heap   total 242688K, used 41922K [0x0000000081600000, 0x0000000100000000)
  region size 1024K, 9 young (9216K), 9 survivors (9216K)
 Metaspace       used 65923K, committed 66304K, reserved 1114112K
  class space    used 8472K, committed 8640K, reserved 1048576K
}
Event: 14.940 GC heap before
{Heap before GC invocations=31 (full 0):
 garbage-first heap   total 242688K, used 178114K [0x0000000081600000, 0x0000000100000000)
  region size 1024K, 142 young (145408K), 9 survivors (9216K)
 Metaspace       used 65995K, committed 66368K, reserved 1114112K
  class space    used 8479K, committed 8640K, reserved 1048576K
}
Event: 14.962 GC heap after
{Heap after GC invocations=32 (full 0):
 garbage-first heap   total 242688K, used 47228K [0x0000000081600000, 0x0000000100000000)
  region size 1024K, 14 young (14336K), 14 survivors (14336K)
 Metaspace       used 65995K, committed 66368K, reserved 1114112K
  class space    used 8479K, committed 8640K, reserved 1048576K
}
Event: 15.193 GC heap before
{Heap before GC invocations=32 (full 0):
 garbage-first heap   total 242688K, used 178300K [0x0000000081600000, 0x0000000100000000)
  region size 1024K, 142 young (145408K), 14 survivors (14336K)
 Metaspace       used 66021K, committed 66368K, reserved 1114112K
  class space    used 8482K, committed 8640K, reserved 1048576K
}
Event: 15.207 GC heap after
{Heap after GC invocations=33 (full 0):
 garbage-first heap   total 242688K, used 47581K [0x0000000081600000, 0x0000000100000000)
  region size 1024K, 8 young (8192K), 8 survivors (8192K)
 Metaspace       used 66021K, committed 66368K, reserved 1114112K
  class space    used 8482K, committed 8640K, reserved 1048576K
}
Event: 15.471 GC heap before
{Heap before GC invocations=33 (full 0):
 garbage-first heap   total 242688K, used 184797K [0x0000000081600000, 0x0000000100000000)
  region size 1024K, 142 young (145408K), 8 survivors (8192K)
 Metaspace       used 66033K, committed 66368K, reserved 1114112K
  class space    used 8483K, committed 8640K, reserved 1048576K
}

