<?xml version="1.0" encoding="UTF-8" ?>
<testsuite tests="1" failures="0" name="com.example.workflow.WorkflowTest" time="0.013" errors="1" skipped="0">
  <properties>
[...]
</properties>
  <testcase classname="com.example.workflow.WorkflowTest" name="shouldExecuteHappyPath" time="0.013">
    <error message="ENGINE-03018 Could not check if tables are already present using metadata." type="org.camunda.bpm.engine.ProcessEngineException">org.camunda.bpm.engine.ProcessEngineException: ENGINE-03018 Could not check if tables are already present using metadata.
	at org.camunda.bpm.engine.impl.db.EnginePersistenceLogger.checkDatabaseTableException(EnginePersistenceLogger.java:247)
	at org.camunda.bpm.engine.impl.db.sql.DbSqlSession.isTablePresent(DbSqlSession.java:657)
	at org.camunda.bpm.engine.impl.db.sql.DbSqlSession.isEngineTablePresent(DbSqlSession.java:599)
	at org.camunda.bpm.engine.impl.db.AbstractPersistenceSession.dbSchemaCreate(AbstractPersistenceSession.java:86)
	at org.camunda.bpm.engine.impl.SchemaOperationsProcessEngineBuild.execute(SchemaOperationsProcessEngineBuild.java:52)
	at org.camunda.bpm.engine.impl.SchemaOperationsProcessEngineBuild.execute(SchemaOperationsProcessEngineBuild.java:34)
	at org.camunda.bpm.engine.impl.interceptor.CommandExecutorImpl.execute(CommandExecutorImpl.java:28)
	at org.camunda.bpm.engine.impl.interceptor.CommandContextInterceptor.execute(CommandContextInterceptor.java:110)
	at org.camunda.bpm.engine.impl.interceptor.ProcessApplicationContextInterceptor.execute(ProcessApplicationContextInterceptor.java:70)
	at org.camunda.bpm.engine.impl.interceptor.CommandCounterInterceptor.execute(CommandCounterInterceptor.java:35)
	at org.camunda.bpm.engine.impl.interceptor.LogInterceptor.execute(LogInterceptor.java:33)
	at org.camunda.bpm.engine.impl.interceptor.ExceptionCodeInterceptor.execute(ExceptionCodeInterceptor.java:55)
	at org.camunda.bpm.engine.impl.ProcessEngineImpl.executeSchemaOperations(ProcessEngineImpl.java:147)
	at org.camunda.bpm.engine.impl.ProcessEngineImpl.&lt;init&gt;(ProcessEngineImpl.java:110)
	at org.camunda.bpm.engine.impl.cfg.ProcessEngineConfigurationImpl.buildProcessEngine(ProcessEngineConfigurationImpl.java:1101)
	at org.camunda.bpm.spring.boot.starter.test.helper.StandaloneInMemoryTestConfiguration.rule(StandaloneInMemoryTestConfiguration.java:54)
	at org.camunda.bpm.spring.boot.starter.test.helper.AbstractProcessEngineRuleTest.&lt;init&gt;(AbstractProcessEngineRuleTest.java:27)
	at com.example.workflow.WorkflowTest.&lt;init&gt;(WorkflowTest.java:16)
	at java.base/jdk.internal.reflect.DirectConstructorHandleAccessor.newInstance(DirectConstructorHandleAccessor.java:67)
	at java.base/java.lang.reflect.Constructor.newInstanceWithCaller(Constructor.java:500)
	at java.base/java.lang.reflect.Constructor.newInstance(Constructor.java:484)
	at org.junit.runners.BlockJUnit4ClassRunner.createTest(BlockJUnit4ClassRunner.java:250)
	at org.springframework.test.context.junit4.SpringJUnit4ClassRunner.createTest(SpringJUnit4ClassRunner.java:226)
	at org.springframework.test.context.junit4.SpringJUnit4ClassRunner$1.runReflectiveCall(SpringJUnit4ClassRunner.java:289)
	at org.junit.internal.runners.model.ReflectiveCallable.run(ReflectiveCallable.java:12)
	at org.springframework.test.context.junit4.SpringJUnit4ClassRunner.methodBlock(SpringJUnit4ClassRunner.java:291)
	at org.springframework.test.context.junit4.SpringJUnit4ClassRunner.runChild(SpringJUnit4ClassRunner.java:246)
	at org.springframework.test.context.junit4.SpringJUnit4ClassRunner.runChild(SpringJUnit4ClassRunner.java:97)
	at org.junit.runners.ParentRunner$4.run(ParentRunner.java:331)
	at org.junit.runners.ParentRunner$1.schedule(ParentRunner.java:79)
	at org.junit.runners.ParentRunner.runChildren(ParentRunner.java:329)
	at org.junit.runners.ParentRunner.access$100(ParentRunner.java:66)
	at org.junit.runners.ParentRunner$2.evaluate(ParentRunner.java:293)
	at org.springframework.test.context.junit4.statements.RunBeforeTestClassCallbacks.evaluate(RunBeforeTestClassCallbacks.java:61)
	at org.springframework.test.context.junit4.statements.RunAfterTestClassCallbacks.evaluate(RunAfterTestClassCallbacks.java:70)
	at org.junit.runners.ParentRunner$3.evaluate(ParentRunner.java:306)
	at org.junit.runners.ParentRunner.run(ParentRunner.java:413)
	at org.springframework.test.context.junit4.SpringJUnit4ClassRunner.run(SpringJUnit4ClassRunner.java:190)
	at org.apache.maven.surefire.junit4.JUnit4Provider.execute(JUnit4Provider.java:252)
	at org.apache.maven.surefire.junit4.JUnit4Provider.executeTestSet(JUnit4Provider.java:141)
	at org.apache.maven.surefire.junit4.JUnit4Provider.invoke(JUnit4Provider.java:112)
	at java.base/jdk.internal.reflect.DirectMethodHandleAccessor.invoke(DirectMethodHandleAccessor.java:104)
	at java.base/java.lang.reflect.Method.invoke(Method.java:578)
	at org.apache.maven.surefire.util.ReflectionUtils.invokeMethodWithArray(ReflectionUtils.java:189)
	at org.apache.maven.surefire.booter.ProviderFactory$ProviderProxy.invoke(ProviderFactory.java:165)
	at org.apache.maven.surefire.booter.ProviderFactory.invokeProvider(ProviderFactory.java:85)
	at org.apache.maven.surefire.booter.ForkedBooter.runSuitesInProcess(ForkedBooter.java:115)
	at org.apache.maven.surefire.booter.ForkedBooter.main(ForkedBooter.java:75)
Caused by: org.camunda.bpm.engine.ProcessEngineException: An exception occurred in the persistence layer. Please check the server logs for a detailed message and the entire exception stack trace.
	at org.camunda.bpm.engine.impl.util.ExceptionUtil.wrapPersistenceException(ExceptionUtil.java:360)
	at org.camunda.bpm.engine.impl.util.ExceptionUtil.doWithExceptionWrapper(ExceptionUtil.java:354)
	at org.camunda.bpm.engine.impl.db.sql.DbSqlSession.isTablePresent(DbSqlSession.java:634)
	... 46 more
Caused by: org.apache.ibatis.exceptions.PersistenceException: 
### Error getting a new connection.  Cause: java.sql.SQLException: Error setting driver on UnpooledDataSource. Cause: java.lang.ClassNotFoundException: org.h2.Driver
### Cause: java.sql.SQLException: Error setting driver on UnpooledDataSource. Cause: java.lang.ClassNotFoundException: org.h2.Driver
	at org.apache.ibatis.exceptions.ExceptionFactory.wrapException(ExceptionFactory.java:30)
	at org.apache.ibatis.session.defaults.DefaultSqlSession.getConnection(DefaultSqlSession.java:299)
	at org.camunda.bpm.engine.impl.db.sql.DbSqlSession.lambda$isTablePresent$10(DbSqlSession.java:634)
	at org.camunda.bpm.engine.impl.util.ExceptionUtil.doWithExceptionWrapper(ExceptionUtil.java:351)
	... 47 more
Caused by: java.sql.SQLException: Error setting driver on UnpooledDataSource. Cause: java.lang.ClassNotFoundException: org.h2.Driver
	at org.apache.ibatis.datasource.unpooled.UnpooledDataSource.initializeDriver(UnpooledDataSource.java:244)
	at org.apache.ibatis.datasource.unpooled.UnpooledDataSource.doGetConnection(UnpooledDataSource.java:223)
	at org.apache.ibatis.datasource.unpooled.UnpooledDataSource.doGetConnection(UnpooledDataSource.java:219)
	at org.apache.ibatis.datasource.unpooled.UnpooledDataSource.getConnection(UnpooledDataSource.java:95)
	at org.apache.ibatis.datasource.pooled.PooledDataSource.popConnection(PooledDataSource.java:432)
	at org.apache.ibatis.datasource.pooled.PooledDataSource.getConnection(PooledDataSource.java:89)
	at org.apache.ibatis.transaction.jdbc.JdbcTransaction.openConnection(JdbcTransaction.java:139)
	at org.apache.ibatis.transaction.jdbc.JdbcTransaction.getConnection(JdbcTransaction.java:61)
	at org.apache.ibatis.session.defaults.DefaultSqlSession.getConnection(DefaultSqlSession.java:297)
	... 49 more
</error>
    <system-out>15:46:37.484 [main] INFO  o.s.b.t.c.SpringBootTestContextBootstrapper - Neither @ContextConfiguration nor @ContextHierarchy found for test class [com.example.workflow.WorkflowTest], using SpringBootContextLoader
15:46:37.496 [main] INFO  o.s.t.c.s.AbstractContextLoader - Could not detect default resource locations for test class [com.example.workflow.WorkflowTest]: no resource found for suffixes {-context.xml, Context.groovy}.
15:46:37.501 [main] INFO  o.s.t.c.s.AnnotationConfigContextLoaderUtils - Could not detect default configuration classes for test class [com.example.workflow.WorkflowTest]: WorkflowTest does not declare any static, non-private, non-final, nested classes annotated with @Configuration.
15:46:37.737 [main] INFO  o.s.b.t.c.SpringBootTestContextBootstrapper - Found @SpringBootConfiguration com.example.workflow.Application for test class com.example.workflow.WorkflowTest
15:46:37.956 [main] INFO  o.s.b.t.c.SpringBootTestContextBootstrapper - Loaded default TestExecutionListener class names from location [META-INF/spring.factories]: [org.springframework.boot.test.mock.mockito.MockitoTestExecutionListener, org.springframework.boot.test.mock.mockito.ResetMocksTestExecutionListener, org.springframework.boot.test.autoconfigure.restdocs.RestDocsTestExecutionListener, org.springframework.boot.test.autoconfigure.web.client.MockRestServiceServerResetTestExecutionListener, org.springframework.boot.test.autoconfigure.web.servlet.MockMvcPrintOnlyOnFailureTestExecutionListener, org.springframework.boot.test.autoconfigure.web.servlet.WebDriverTestExecutionListener, org.springframework.boot.test.autoconfigure.webservices.client.MockWebServiceServerTestExecutionListener, org.springframework.test.context.web.ServletTestExecutionListener, org.springframework.test.context.support.DirtiesContextBeforeModesTestExecutionListener, org.springframework.test.context.event.ApplicationEventsTestExecutionListener, org.springframework.test.context.support.DependencyInjectionTestExecutionListener, org.springframework.test.context.support.DirtiesContextTestExecutionListener, org.springframework.test.context.transaction.TransactionalTestExecutionListener, org.springframework.test.context.jdbc.SqlScriptsTestExecutionListener, org.springframework.test.context.event.EventPublishingTestExecutionListener]
15:46:38.015 [main] INFO  o.s.b.t.c.SpringBootTestContextBootstrapper - Using TestExecutionListeners: [org.springframework.test.context.web.ServletTestExecutionListener@740d2e78, org.springframework.test.context.support.DirtiesContextBeforeModesTestExecutionListener@1c481ff2, org.springframework.test.context.event.ApplicationEventsTestExecutionListener@72437d8d, org.springframework.boot.test.mock.mockito.MockitoTestExecutionListener@1b955cac, org.springframework.boot.test.autoconfigure.SpringBootDependencyInjectionTestExecutionListener@676cf48, org.springframework.test.context.support.DirtiesContextTestExecutionListener@5a1de7fb, org.springframework.test.context.transaction.TransactionalTestExecutionListener@335b5620, org.springframework.test.context.jdbc.SqlScriptsTestExecutionListener@29a0cdb, org.springframework.test.context.event.EventPublishingTestExecutionListener@32a68f4f, org.springframework.boot.test.mock.mockito.ResetMocksTestExecutionListener@73194df, org.springframework.boot.test.autoconfigure.restdocs.RestDocsTestExecutionListener@6eb2384f, org.springframework.boot.test.autoconfigure.web.client.MockRestServiceServerResetTestExecutionListener@3c9c0d96, org.springframework.boot.test.autoconfigure.web.servlet.MockMvcPrintOnlyOnFailureTestExecutionListener@3a4621bd, org.springframework.boot.test.autoconfigure.web.servlet.WebDriverTestExecutionListener@31dadd46, org.springframework.boot.test.autoconfigure.webservices.client.MockWebServiceServerTestExecutionListener@4ed5eb72]
15:46:38.552 [main] INFO  org.camunda.bpm.dmn.feel.scala - FEEL/SCALA-01001 Spin value mapper detected
15:46:38.642 [main] INFO  org.camunda.feel.FeelEngine - Engine created. [value-mapper: CompositeValueMapper(List(org.camunda.feel.impl.JavaValueMapper@547e29a4, org.camunda.spin.plugin.impl.feel.integration.SpinValueMapper@1c807b1d)), function-provider: org.camunda.bpm.dmn.feel.impl.scala.function.CustomFunctionTransformer@42deb43a, clock: SystemClock, configuration: Configuration(false)]
15:46:38.856 [main] ERROR org.camunda.bpm.engine.cfg - ENGINE-12012 Exception on accessing the database connection: Error setting driver on UnpooledDataSource. Cause: java.lang.ClassNotFoundException: org.h2.Driver
15:46:47.167 [main] INFO  org.camunda.bpm.connect - CNCT-01004 Discovered provider for connector id &apos;http-connector&apos; and class &apos;org.camunda.connect.httpclient.impl.HttpConnectorImpl&apos;: &apos;org.camunda.connect.httpclient.impl.HttpConnectorProviderImpl&apos;
15:46:47.176 [main] INFO  org.camunda.bpm.connect - CNCT-01004 Discovered provider for connector id &apos;soap-http-connector&apos; and class &apos;org.camunda.connect.httpclient.soap.impl.SoapHttpConnectorImpl&apos;: &apos;org.camunda.connect.httpclient.soap.impl.SoapHttpConnectorProviderImpl&apos;
15:46:47.352 [main] ERROR org.camunda.bpm.engine.context - ENGINE-16004 Exception while closing command context: ENGINE-03018 Could not check if tables are already present using metadata.
org.camunda.bpm.engine.ProcessEngineException: ENGINE-03018 Could not check if tables are already present using metadata.
	at org.camunda.bpm.engine.impl.db.EnginePersistenceLogger.checkDatabaseTableException(EnginePersistenceLogger.java:247)
	at org.camunda.bpm.engine.impl.db.sql.DbSqlSession.isTablePresent(DbSqlSession.java:657)
	at org.camunda.bpm.engine.impl.db.sql.DbSqlSession.isEngineTablePresent(DbSqlSession.java:599)
	at org.camunda.bpm.engine.impl.db.AbstractPersistenceSession.dbSchemaCreate(AbstractPersistenceSession.java:86)
	at org.camunda.bpm.engine.impl.SchemaOperationsProcessEngineBuild.execute(SchemaOperationsProcessEngineBuild.java:52)
	at org.camunda.bpm.engine.impl.SchemaOperationsProcessEngineBuild.execute(SchemaOperationsProcessEngineBuild.java:34)
	at org.camunda.bpm.engine.impl.interceptor.CommandExecutorImpl.execute(CommandExecutorImpl.java:28)
	at org.camunda.bpm.engine.impl.interceptor.CommandContextInterceptor.execute(CommandContextInterceptor.java:110)
	at org.camunda.bpm.engine.impl.interceptor.ProcessApplicationContextInterceptor.execute(ProcessApplicationContextInterceptor.java:70)
	at org.camunda.bpm.engine.impl.interceptor.CommandCounterInterceptor.execute(CommandCounterInterceptor.java:35)
	at org.camunda.bpm.engine.impl.interceptor.LogInterceptor.execute(LogInterceptor.java:33)
	at org.camunda.bpm.engine.impl.interceptor.ExceptionCodeInterceptor.execute(ExceptionCodeInterceptor.java:55)
	at org.camunda.bpm.engine.impl.ProcessEngineImpl.executeSchemaOperations(ProcessEngineImpl.java:147)
	at org.camunda.bpm.engine.impl.ProcessEngineImpl.&lt;init&gt;(ProcessEngineImpl.java:110)
	at org.camunda.bpm.engine.impl.cfg.ProcessEngineConfigurationImpl.buildProcessEngine(ProcessEngineConfigurationImpl.java:1101)
	at org.camunda.bpm.spring.boot.starter.test.helper.StandaloneInMemoryTestConfiguration.rule(StandaloneInMemoryTestConfiguration.java:54)
	at org.camunda.bpm.spring.boot.starter.test.helper.AbstractProcessEngineRuleTest.&lt;init&gt;(AbstractProcessEngineRuleTest.java:27)
	at com.example.workflow.WorkflowTest.&lt;init&gt;(WorkflowTest.java:16)
	at java.base/jdk.internal.reflect.DirectConstructorHandleAccessor.newInstance(DirectConstructorHandleAccessor.java:67)
	at java.base/java.lang.reflect.Constructor.newInstanceWithCaller(Constructor.java:500)
	at java.base/java.lang.reflect.Constructor.newInstance(Constructor.java:484)
	at org.junit.runners.BlockJUnit4ClassRunner.createTest(BlockJUnit4ClassRunner.java:250)
	at org.springframework.test.context.junit4.SpringJUnit4ClassRunner.createTest(SpringJUnit4ClassRunner.java:226)
	at org.springframework.test.context.junit4.SpringJUnit4ClassRunner$1.runReflectiveCall(SpringJUnit4ClassRunner.java:289)
	at org.junit.internal.runners.model.ReflectiveCallable.run(ReflectiveCallable.java:12)
	at org.springframework.test.context.junit4.SpringJUnit4ClassRunner.methodBlock(SpringJUnit4ClassRunner.java:291)
	at org.springframework.test.context.junit4.SpringJUnit4ClassRunner.runChild(SpringJUnit4ClassRunner.java:246)
	at org.springframework.test.context.junit4.SpringJUnit4ClassRunner.runChild(SpringJUnit4ClassRunner.java:97)
	at org.junit.runners.ParentRunner$4.run(ParentRunner.java:331)
	at org.junit.runners.ParentRunner$1.schedule(ParentRunner.java:79)
	at org.junit.runners.ParentRunner.runChildren(ParentRunner.java:329)
	at org.junit.runners.ParentRunner.access$100(ParentRunner.java:66)
	at org.junit.runners.ParentRunner$2.evaluate(ParentRunner.java:293)
	at org.springframework.test.context.junit4.statements.RunBeforeTestClassCallbacks.evaluate(RunBeforeTestClassCallbacks.java:61)
	at org.springframework.test.context.junit4.statements.RunAfterTestClassCallbacks.evaluate(RunAfterTestClassCallbacks.java:70)
	at org.junit.runners.ParentRunner$3.evaluate(ParentRunner.java:306)
	at org.junit.runners.ParentRunner.run(ParentRunner.java:413)
	at org.springframework.test.context.junit4.SpringJUnit4ClassRunner.run(SpringJUnit4ClassRunner.java:190)
	at org.apache.maven.surefire.junit4.JUnit4Provider.execute(JUnit4Provider.java:252)
	at org.apache.maven.surefire.junit4.JUnit4Provider.executeTestSet(JUnit4Provider.java:141)
	at org.apache.maven.surefire.junit4.JUnit4Provider.invoke(JUnit4Provider.java:112)
	at java.base/jdk.internal.reflect.DirectMethodHandleAccessor.invoke(DirectMethodHandleAccessor.java:104)
	at java.base/java.lang.reflect.Method.invoke(Method.java:578)
	at org.apache.maven.surefire.util.ReflectionUtils.invokeMethodWithArray(ReflectionUtils.java:189)
	at org.apache.maven.surefire.booter.ProviderFactory$ProviderProxy.invoke(ProviderFactory.java:165)
	at org.apache.maven.surefire.booter.ProviderFactory.invokeProvider(ProviderFactory.java:85)
	at org.apache.maven.surefire.booter.ForkedBooter.runSuitesInProcess(ForkedBooter.java:115)
	at org.apache.maven.surefire.booter.ForkedBooter.main(ForkedBooter.java:75)
Caused by: org.camunda.bpm.engine.ProcessEngineException: An exception occurred in the persistence layer. Please check the server logs for a detailed message and the entire exception stack trace.
	at org.camunda.bpm.engine.impl.util.ExceptionUtil.wrapPersistenceException(ExceptionUtil.java:360)
	at org.camunda.bpm.engine.impl.util.ExceptionUtil.doWithExceptionWrapper(ExceptionUtil.java:354)
	at org.camunda.bpm.engine.impl.db.sql.DbSqlSession.isTablePresent(DbSqlSession.java:634)
	... 46 common frames omitted
Caused by: org.apache.ibatis.exceptions.PersistenceException: 
### Error getting a new connection.  Cause: java.sql.SQLException: Error setting driver on UnpooledDataSource. Cause: java.lang.ClassNotFoundException: org.h2.Driver
### Cause: java.sql.SQLException: Error setting driver on UnpooledDataSource. Cause: java.lang.ClassNotFoundException: org.h2.Driver
	at org.apache.ibatis.exceptions.ExceptionFactory.wrapException(ExceptionFactory.java:30)
	at org.apache.ibatis.session.defaults.DefaultSqlSession.getConnection(DefaultSqlSession.java:299)
	at org.camunda.bpm.engine.impl.db.sql.DbSqlSession.lambda$isTablePresent$10(DbSqlSession.java:634)
	at org.camunda.bpm.engine.impl.util.ExceptionUtil.doWithExceptionWrapper(ExceptionUtil.java:351)
	... 47 common frames omitted
Caused by: java.sql.SQLException: Error setting driver on UnpooledDataSource. Cause: java.lang.ClassNotFoundException: org.h2.Driver
	at org.apache.ibatis.datasource.unpooled.UnpooledDataSource.initializeDriver(UnpooledDataSource.java:244)
	at org.apache.ibatis.datasource.unpooled.UnpooledDataSource.doGetConnection(UnpooledDataSource.java:223)
	at org.apache.ibatis.datasource.unpooled.UnpooledDataSource.doGetConnection(UnpooledDataSource.java:219)
	at org.apache.ibatis.datasource.unpooled.UnpooledDataSource.getConnection(UnpooledDataSource.java:95)
	at org.apache.ibatis.datasource.pooled.PooledDataSource.popConnection(PooledDataSource.java:432)
	at org.apache.ibatis.datasource.pooled.PooledDataSource.getConnection(PooledDataSource.java:89)
	at org.apache.ibatis.transaction.jdbc.JdbcTransaction.openConnection(JdbcTransaction.java:139)
	at org.apache.ibatis.transaction.jdbc.JdbcTransaction.getConnection(JdbcTransaction.java:61)
	at org.apache.ibatis.session.defaults.DefaultSqlSession.getConnection(DefaultSqlSession.java:297)
	... 49 common frames omitted
</system-out>
  </testcase>
</testsuite>